[Wed May 08 13:40:52.905601 2024] [:notice] [pid 9656] FastCGI: process manager initialized (pid 9656)
[Wed May 08 13:40:52.908178 2024] [mpm_prefork:notice] [pid 9641] AH00163: Apache/2.4.54 (Unix) OpenSSL/1.0.2u PHP/7.4.33 mod_wsgi/3.5 Python/2.7.18 mod_fastcgi/mod_fastcgi-SNAP-0910052141 mod_perl/2.0.11 Perl/v5.30.1 configured -- resuming normal operations
[Wed May 08 13:40:52.908457 2024] [core:notice] [pid 9641] AH00094: Command line: '/Applications/MAMP/Library/bin/httpd'
[Wed May 08 13:41:14.750664 2024] [mpm_prefork:notice] [pid 9641] AH00169: caught SIGTERM, shutting down
[Wed May 08 13:41:17.363623 2024] [:notice] [pid 9834] FastCGI: process manager initialized (pid 9834)
[Wed May 08 13:41:17.365986 2024] [mpm_prefork:notice] [pid 9822] AH00163: Apache/2.4.54 (Unix) OpenSSL/1.0.2u PHP/8.2.0 mod_wsgi/3.5 Python/2.7.18 mod_fastcgi/mod_fastcgi-SNAP-0910052141 mod_perl/2.0.11 Perl/v5.30.1 configured -- resuming normal operations
[Wed May 08 13:41:17.366464 2024] [core:notice] [pid 9822] AH00094: Command line: '/Applications/MAMP/Library/bin/httpd'
[Wed May 08 23:30:46.603265 2024] [mpm_prefork:notice] [pid 9822] AH00169: caught SIGTERM, shutting down
[Fri May 10 16:39:13.989334 2024] [:notice] [pid 1251] FastCGI: process manager initialized (pid 1251)
[Fri May 10 16:39:13.990535 2024] [mpm_prefork:notice] [pid 1248] AH00163: Apache/2.4.54 (Unix) OpenSSL/1.0.2u PHP/8.2.0 mod_wsgi/3.5 Python/2.7.18 mod_fastcgi/mod_fastcgi-SNAP-0910052141 mod_perl/2.0.11 Perl/v5.30.1 configured -- resuming normal operations
[Fri May 10 16:39:13.990683 2024] [core:notice] [pid 1248] AH00094: Command line: '/Applications/MAMP/Library/bin/httpd'
[Sat May 11 00:37:18.880709 2024] [mpm_prefork:notice] [pid 1248] AH00169: caught SIGTERM, shutting down
[Sat May 11 17:02:05.586631 2024] [:notice] [pid 1221] FastCGI: process manager initialized (pid 1221)
[Sat May 11 17:02:05.587629 2024] [mpm_prefork:notice] [pid 1218] AH00163: Apache/2.4.54 (Unix) OpenSSL/1.0.2u PHP/8.2.0 mod_wsgi/3.5 Python/2.7.18 mod_fastcgi/mod_fastcgi-SNAP-0910052141 mod_perl/2.0.11 Perl/v5.30.1 configured -- resuming normal operations
[Sat May 11 17:02:05.587783 2024] [core:notice] [pid 1218] AH00094: Command line: '/Applications/MAMP/Library/bin/httpd'
[Sat May 11 21:42:53.799540 2024] [mpm_prefork:notice] [pid 1218] AH00169: caught SIGTERM, shutting down
[Sat May 11 22:34:43.595057 2024] [:notice] [pid 10776] FastCGI: process manager initialized (pid 10776)
[Sat May 11 22:34:43.596148 2024] [mpm_prefork:notice] [pid 10774] AH00163: Apache/2.4.54 (Unix) OpenSSL/1.0.2u PHP/8.2.0 mod_wsgi/3.5 Python/2.7.18 mod_fastcgi/mod_fastcgi-SNAP-0910052141 mod_perl/2.0.11 Perl/v5.30.1 configured -- resuming normal operations
[Sat May 11 22:34:43.596294 2024] [core:notice] [pid 10774] AH00094: Command line: '/Applications/MAMP/Library/bin/httpd'
[Sun May 12 18:41:19.339188 2024] [mpm_prefork:notice] [pid 10774] AH00169: caught SIGTERM, shutting down
[Sun May 12 18:41:28.046455 2024] [:notice] [pid 23119] FastCGI: process manager initialized (pid 23119)
[Sun May 12 18:41:28.047694 2024] [mpm_prefork:notice] [pid 23117] AH00163: Apache/2.4.54 (Unix) OpenSSL/1.0.2u PHP/8.2.0 mod_wsgi/3.5 Python/2.7.18 mod_fastcgi/mod_fastcgi-SNAP-0910052141 mod_perl/2.0.11 Perl/v5.30.1 configured -- resuming normal operations
[Sun May 12 18:41:28.047836 2024] [core:notice] [pid 23117] AH00094: Command line: '/Applications/MAMP/Library/bin/httpd'
[Sun May 12 18:43:47.936605 2024] [mpm_prefork:notice] [pid 23117] AH00169: caught SIGTERM, shutting down
[Sun May 12 22:54:57.813156 2024] [:notice] [pid 1389] FastCGI: process manager initialized (pid 1389)
[Sun May 12 22:54:57.814419 2024] [mpm_prefork:notice] [pid 1384] AH00163: Apache/2.4.54 (Unix) OpenSSL/1.0.2u PHP/8.2.0 mod_wsgi/3.5 Python/2.7.18 mod_fastcgi/mod_fastcgi-SNAP-0910052141 mod_perl/2.0.11 Perl/v5.30.1 configured -- resuming normal operations
[Sun May 12 22:54:57.814565 2024] [core:notice] [pid 1384] AH00094: Command line: '/Applications/MAMP/Library/bin/httpd'
[Mon May 13 13:16:55.515925 2024] [mpm_prefork:notice] [pid 1384] AH00169: caught SIGTERM, shutting down
[Mon May 13 13:20:24.923760 2024] [:notice] [pid 8686] FastCGI: process manager initialized (pid 8686)
[Mon May 13 13:20:24.925535 2024] [mpm_prefork:notice] [pid 8684] AH00163: Apache/2.4.54 (Unix) OpenSSL/1.0.2u PHP/8.2.0 mod_wsgi/3.5 Python/2.7.18 mod_fastcgi/mod_fastcgi-SNAP-0910052141 mod_perl/2.0.11 Perl/v5.30.1 configured -- resuming normal operations
[Mon May 13 13:20:24.925666 2024] [core:notice] [pid 8684] AH00094: Command line: '/Applications/MAMP/Library/bin/httpd'
[Mon May 13 13:32:30.014014 2024] [mpm_prefork:notice] [pid 8684] AH00169: caught SIGTERM, shutting down
[Mon May 13 13:32:37.087674 2024] [:notice] [pid 10172] FastCGI: process manager initialized (pid 10172)
[Mon May 13 13:32:37.089006 2024] [mpm_prefork:notice] [pid 10169] AH00163: Apache/2.4.54 (Unix) OpenSSL/1.0.2u PHP/8.2.0 mod_wsgi/3.5 Python/2.7.18 mod_fastcgi/mod_fastcgi-SNAP-0910052141 mod_perl/2.0.11 Perl/v5.30.1 configured -- resuming normal operations
[Mon May 13 13:32:37.089154 2024] [core:notice] [pid 10169] AH00094: Command line: '/Applications/MAMP/Library/bin/httpd'
[Mon May 13 13:32:59.053611 2024] [mpm_prefork:notice] [pid 10169] AH00169: caught SIGTERM, shutting down
[Mon May 13 13:33:09.115727 2024] [:notice] [pid 10418] FastCGI: process manager initialized (pid 10418)
[Mon May 13 13:33:09.117266 2024] [mpm_prefork:notice] [pid 10415] AH00163: Apache/2.4.54 (Unix) OpenSSL/1.0.2u PHP/8.2.0 mod_wsgi/3.5 Python/2.7.18 mod_fastcgi/mod_fastcgi-SNAP-0910052141 mod_perl/2.0.11 Perl/v5.30.1 configured -- resuming normal operations
[Mon May 13 13:33:09.117622 2024] [core:notice] [pid 10415] AH00094: Command line: '/Applications/MAMP/Library/bin/httpd'
[Mon May 13 13:34:37.269670 2024] [authz_core:error] [pid 10523] [client ::1:50095] AH01630: client denied by server configuration: /Applications/MAMP/htdocs/bt3/.DS_Store
[Mon May 13 13:34:50.072214 2024] [authz_core:error] [pid 10419] [client ::1:50096] AH01630: client denied by server configuration: /Applications/MAMP/htdocs/bt3/.DS_Store, referer: http://localhost:8888/bt3/Marzo-Abril/
[Mon May 13 15:50:10.753141 2024] [mpm_prefork:notice] [pid 10415] AH00169: caught SIGTERM, shutting down
[Tue May 14 08:50:02.004174 2024] [:notice] [pid 18728] FastCGI: process manager initialized (pid 18728)
[Tue May 14 08:50:02.005942 2024] [mpm_prefork:notice] [pid 18723] AH00163: Apache/2.4.54 (Unix) OpenSSL/1.0.2u PHP/8.2.0 mod_wsgi/3.5 Python/2.7.18 mod_fastcgi/mod_fastcgi-SNAP-0910052141 mod_perl/2.0.11 Perl/v5.30.1 configured -- resuming normal operations
[Tue May 14 08:50:02.006158 2024] [core:notice] [pid 18723] AH00094: Command line: '/Applications/MAMP/Library/bin/httpd'
[Tue May 14 09:12:09.340156 2024] [mpm_prefork:notice] [pid 18723] AH00169: caught SIGTERM, shutting down
[Tue May 14 09:29:02.774000 2024] [:notice] [pid 23163] FastCGI: process manager initialized (pid 23163)
[Tue May 14 09:29:02.776298 2024] [mpm_prefork:notice] [pid 23042] AH00163: Apache/2.4.54 (Unix) OpenSSL/1.0.2u PHP/8.2.0 mod_wsgi/3.5 Python/2.7.18 mod_fastcgi/mod_fastcgi-SNAP-0910052141 mod_perl/2.0.11 Perl/v5.30.1 configured -- resuming normal operations
[Tue May 14 09:29:02.776584 2024] [core:notice] [pid 23042] AH00094: Command line: '/Applications/MAMP/Library/bin/httpd'
[Tue May 14 11:22:46.269573 2024] [mpm_prefork:notice] [pid 23042] AH00169: caught SIGTERM, shutting down
[Tue May 14 13:41:49.268285 2024] [:notice] [pid 30762] FastCGI: process manager initialized (pid 30762)
[Tue May 14 13:41:49.270074 2024] [mpm_prefork:notice] [pid 30758] AH00163: Apache/2.4.54 (Unix) OpenSSL/1.0.2u PHP/8.2.0 mod_wsgi/3.5 Python/2.7.18 mod_fastcgi/mod_fastcgi-SNAP-0910052141 mod_perl/2.0.11 Perl/v5.30.1 configured -- resuming normal operations
[Tue May 14 13:41:49.270300 2024] [core:notice] [pid 30758] AH00094: Command line: '/Applications/MAMP/Library/bin/httpd'
[Tue May 14 21:21:26.971873 2024] [mpm_prefork:notice] [pid 30758] AH00169: caught SIGTERM, shutting down
[Wed May 15 08:06:50.240842 2024] [:notice] [pid 38493] FastCGI: process manager initialized (pid 38493)
[Wed May 15 08:06:50.242233 2024] [mpm_prefork:notice] [pid 38489] AH00163: Apache/2.4.54 (Unix) OpenSSL/1.0.2u PHP/8.2.0 mod_wsgi/3.5 Python/2.7.18 mod_fastcgi/mod_fastcgi-SNAP-0910052141 mod_perl/2.0.11 Perl/v5.30.1 configured -- resuming normal operations
[Wed May 15 08:06:50.242407 2024] [core:notice] [pid 38489] AH00094: Command line: '/Applications/MAMP/Library/bin/httpd'
[Wed May 15 08:26:53.041950 2024] [mpm_prefork:notice] [pid 38489] AH00169: caught SIGTERM, shutting down
[Wed May 15 11:33:26.930221 2024] [:notice] [pid 1951] FastCGI: process manager initialized (pid 1951)
[Wed May 15 11:33:26.932137 2024] [mpm_prefork:notice] [pid 1946] AH00163: Apache/2.4.54 (Unix) OpenSSL/1.0.2u PHP/8.2.0 mod_wsgi/3.5 Python/2.7.18 mod_fastcgi/mod_fastcgi-SNAP-0910052141 mod_perl/2.0.11 Perl/v5.30.1 configured -- resuming normal operations
[Wed May 15 11:33:26.932383 2024] [core:notice] [pid 1946] AH00094: Command line: '/Applications/MAMP/Library/bin/httpd'
[Wed May 15 23:54:39.167858 2024] [mpm_prefork:notice] [pid 1946] AH00169: caught SIGTERM, shutting down
[Thu May 16 08:10:08.687047 2024] [:notice] [pid 13904] FastCGI: process manager initialized (pid 13904)
[Thu May 16 08:10:08.688791 2024] [mpm_prefork:notice] [pid 13899] AH00163: Apache/2.4.54 (Unix) OpenSSL/1.0.2u PHP/8.2.0 mod_wsgi/3.5 Python/2.7.18 mod_fastcgi/mod_fastcgi-SNAP-0910052141 mod_perl/2.0.11 Perl/v5.30.1 configured -- resuming normal operations
[Thu May 16 08:10:08.689213 2024] [core:notice] [pid 13899] AH00094: Command line: '/Applications/MAMP/Library/bin/httpd'
[Thu May 16 08:37:12.046599 2024] [mpm_prefork:notice] [pid 13899] AH00169: caught SIGTERM, shutting down
[Thu May 16 08:43:12.823735 2024] [:notice] [pid 16981] FastCGI: process manager initialized (pid 16981)
[Thu May 16 08:43:12.824961 2024] [mpm_prefork:notice] [pid 16978] AH00163: Apache/2.4.54 (Unix) OpenSSL/1.0.2u PHP/8.2.0 mod_wsgi/3.5 Python/2.7.18 mod_fastcgi/mod_fastcgi-SNAP-0910052141 mod_perl/2.0.11 Perl/v5.30.1 configured -- resuming normal operations
[Thu May 16 08:43:12.825097 2024] [core:notice] [pid 16978] AH00094: Command line: '/Applications/MAMP/Library/bin/httpd'
[Thu May 16 10:42:51.109762 2024] [mpm_prefork:notice] [pid 16978] AH00169: caught SIGTERM, shutting down
[Wed May 22 10:36:27.192959 2024] [:notice] [pid 2589] FastCGI: process manager initialized (pid 2589)
[Wed May 22 10:36:27.194260 2024] [mpm_prefork:notice] [pid 2583] AH00163: Apache/2.4.54 (Unix) OpenSSL/1.0.2u PHP/8.2.0 mod_wsgi/3.5 Python/2.7.18 mod_fastcgi/mod_fastcgi-SNAP-0910052141 mod_perl/2.0.11 Perl/v5.30.1 configured -- resuming normal operations
[Wed May 22 10:36:27.194483 2024] [core:notice] [pid 2583] AH00094: Command line: '/Applications/MAMP/Library/bin/httpd'
[Wed May 22 10:48:57.901557 2024] [mpm_prefork:notice] [pid 2583] AH00169: caught SIGTERM, shutting down
[Wed May 22 10:56:32.281896 2024] [:notice] [pid 1128] FastCGI: process manager initialized (pid 1128)
[Wed May 22 10:56:32.283006 2024] [mpm_prefork:notice] [pid 1124] AH00163: Apache/2.4.54 (Unix) OpenSSL/1.0.2u PHP/8.2.0 mod_wsgi/3.5 Python/2.7.18 mod_fastcgi/mod_fastcgi-SNAP-0910052141 mod_perl/2.0.11 Perl/v5.30.1 configured -- resuming normal operations
[Wed May 22 10:56:32.283160 2024] [core:notice] [pid 1124] AH00094: Command line: '/Applications/MAMP/Library/bin/httpd'
[Wed May 22 12:02:58.160881 2024] [mpm_prefork:notice] [pid 1124] AH00169: caught SIGTERM, shutting down
[Wed May 22 19:00:17.016781 2024] [:notice] [pid 1303] FastCGI: process manager initialized (pid 1303)
[Wed May 22 19:00:17.017839 2024] [mpm_prefork:notice] [pid 1300] AH00163: Apache/2.4.54 (Unix) OpenSSL/1.0.2u PHP/8.2.0 mod_wsgi/3.5 Python/2.7.18 mod_fastcgi/mod_fastcgi-SNAP-0910052141 mod_perl/2.0.11 Perl/v5.30.1 configured -- resuming normal operations
[Wed May 22 19:00:17.017977 2024] [core:notice] [pid 1300] AH00094: Command line: '/Applications/MAMP/Library/bin/httpd'
[Wed May 22 20:05:34.423458 2024] [mpm_prefork:notice] [pid 1300] AH00169: caught SIGTERM, shutting down
[Wed May 29 10:47:18.505312 2024] [:notice] [pid 5068] FastCGI: process manager initialized (pid 5068)
[Wed May 29 10:47:18.506713 2024] [mpm_prefork:notice] [pid 5064] AH00163: Apache/2.4.54 (Unix) OpenSSL/1.0.2u PHP/8.2.0 mod_wsgi/3.5 Python/2.7.18 mod_fastcgi/mod_fastcgi-SNAP-0910052141 mod_perl/2.0.11 Perl/v5.30.1 configured -- resuming normal operations
[Wed May 29 10:47:18.506860 2024] [core:notice] [pid 5064] AH00094: Command line: '/Applications/MAMP/Library/bin/httpd'
[Wed May 29 15:21:08.341977 2024] [mpm_prefork:notice] [pid 5064] AH00169: caught SIGTERM, shutting down
[Thu May 30 00:37:12.089349 2024] [:notice] [pid 17342] FastCGI: process manager initialized (pid 17342)
[Thu May 30 00:37:12.090712 2024] [mpm_prefork:notice] [pid 17339] AH00163: Apache/2.4.54 (Unix) OpenSSL/1.0.2u PHP/8.2.0 mod_wsgi/3.5 Python/2.7.18 mod_fastcgi/mod_fastcgi-SNAP-0910052141 mod_perl/2.0.11 Perl/v5.30.1 configured -- resuming normal operations
[Thu May 30 00:37:12.090871 2024] [core:notice] [pid 17339] AH00094: Command line: '/Applications/MAMP/Library/bin/httpd'
[Thu May 30 00:54:35.853987 2024] [mpm_prefork:notice] [pid 17339] AH00169: caught SIGTERM, shutting down
[Thu May 30 08:12:57.802211 2024] [:notice] [pid 20064] FastCGI: process manager initialized (pid 20064)
[Thu May 30 08:12:57.803334 2024] [mpm_prefork:notice] [pid 19967] AH00163: Apache/2.4.54 (Unix) OpenSSL/1.0.2u PHP/8.2.0 mod_wsgi/3.5 Python/2.7.18 mod_fastcgi/mod_fastcgi-SNAP-0910052141 mod_perl/2.0.11 Perl/v5.30.1 configured -- resuming normal operations
[Thu May 30 08:12:57.803453 2024] [core:notice] [pid 19967] AH00094: Command line: '/Applications/MAMP/Library/bin/httpd'
[Thu May 30 08:46:37.037569 2024] [mpm_prefork:notice] [pid 19967] AH00169: caught SIGTERM, shutting down
[Thu May 30 08:46:41.689643 2024] [:notice] [pid 23968] FastCGI: process manager initialized (pid 23968)
[Thu May 30 08:46:41.691271 2024] [mpm_prefork:notice] [pid 23965] AH00163: Apache/2.4.54 (Unix) OpenSSL/1.0.2u PHP/8.2.0 mod_wsgi/3.5 Python/2.7.18 mod_fastcgi/mod_fastcgi-SNAP-0910052141 mod_perl/2.0.11 Perl/v5.30.1 configured -- resuming normal operations
[Thu May 30 08:46:41.691634 2024] [core:notice] [pid 23965] AH00094: Command line: '/Applications/MAMP/Library/bin/httpd'
[Thu May 30 08:46:52.606194 2024] [mpm_prefork:notice] [pid 23965] AH00169: caught SIGTERM, shutting down
[Thu May 30 08:47:02.984412 2024] [:notice] [pid 24302] FastCGI: process manager initialized (pid 24302)
[Thu May 30 08:47:02.986571 2024] [mpm_prefork:notice] [pid 24300] AH00163: Apache/2.4.54 (Unix) OpenSSL/1.0.2u PHP/8.2.0 mod_wsgi/3.5 Python/2.7.18 mod_fastcgi/mod_fastcgi-SNAP-0910052141 mod_perl/2.0.11 Perl/v5.30.1 configured -- resuming normal operations
[Thu May 30 08:47:02.986722 2024] [core:notice] [pid 24300] AH00094: Command line: '/Applications/MAMP/Library/bin/httpd'
[Thu May 30 08:52:44.942460 2024] [mpm_prefork:notice] [pid 24300] AH00169: caught SIGTERM, shutting down
[Thu May 30 09:03:34.516966 2024] [:notice] [pid 25502] FastCGI: process manager initialized (pid 25502)
[Thu May 30 09:03:34.518721 2024] [mpm_prefork:notice] [pid 25500] AH00163: Apache/2.4.54 (Unix) OpenSSL/1.0.2u PHP/8.2.0 mod_wsgi/3.5 Python/2.7.18 mod_fastcgi/mod_fastcgi-SNAP-0910052141 mod_perl/2.0.11 Perl/v5.30.1 configured -- resuming normal operations
[Thu May 30 09:03:34.518853 2024] [core:notice] [pid 25500] AH00094: Command line: '/Applications/MAMP/Library/bin/httpd'
[Sat Jun 01 14:33:26.818784 2024] [mpm_prefork:notice] [pid 25500] AH00169: caught SIGTERM, shutting down
[Mon Jun 03 14:10:02.442224 2024] [:notice] [pid 7091] FastCGI: process manager initialized (pid 7091)
[Mon Jun 03 14:10:02.443393 2024] [mpm_prefork:notice] [pid 7087] AH00163: Apache/2.4.54 (Unix) OpenSSL/1.0.2u PHP/8.2.0 mod_wsgi/3.5 Python/2.7.18 mod_fastcgi/mod_fastcgi-SNAP-0910052141 mod_perl/2.0.11 Perl/v5.30.1 configured -- resuming normal operations
[Mon Jun 03 14:10:02.443538 2024] [core:notice] [pid 7087] AH00094: Command line: '/Applications/MAMP/Library/bin/httpd'
[Mon Jun 03 23:43:12.569899 2024] [mpm_prefork:notice] [pid 7087] AH00169: caught SIGTERM, shutting down
[Tue Jun 04 08:59:28.844095 2024] [:notice] [pid 1712] FastCGI: process manager initialized (pid 1712)
[Tue Jun 04 08:59:28.845145 2024] [mpm_prefork:notice] [pid 1708] AH00163: Apache/2.4.54 (Unix) OpenSSL/1.0.2u PHP/8.2.0 mod_wsgi/3.5 Python/2.7.18 mod_fastcgi/mod_fastcgi-SNAP-0910052141 mod_perl/2.0.11 Perl/v5.30.1 configured -- resuming normal operations
[Tue Jun 04 08:59:28.845299 2024] [core:notice] [pid 1708] AH00094: Command line: '/Applications/MAMP/Library/bin/httpd'
[Tue Jun 04 12:36:26.670097 2024] [mpm_prefork:notice] [pid 1708] AH00169: caught SIGTERM, shutting down
[Tue Jun 04 21:18:23.200826 2024] [:notice] [pid 3595] FastCGI: process manager initialized (pid 3595)
[Tue Jun 04 21:18:23.201729 2024] [mpm_prefork:notice] [pid 3591] AH00163: Apache/2.4.54 (Unix) OpenSSL/1.0.2u PHP/8.2.0 mod_wsgi/3.5 Python/2.7.18 mod_fastcgi/mod_fastcgi-SNAP-0910052141 mod_perl/2.0.11 Perl/v5.30.1 configured -- resuming normal operations
[Tue Jun 04 21:18:23.201859 2024] [core:notice] [pid 3591] AH00094: Command line: '/Applications/MAMP/Library/bin/httpd'
[Wed Jun 05 10:32:42.116450 2024] [mpm_prefork:notice] [pid 3591] AH00169: caught SIGTERM, shutting down
[Wed Jun 05 10:41:08.573206 2024] [:notice] [pid 1421] FastCGI: process manager initialized (pid 1421)
[Wed Jun 05 10:41:08.574585 2024] [mpm_prefork:notice] [pid 1415] AH00163: Apache/2.4.54 (Unix) OpenSSL/1.0.2u PHP/8.2.0 mod_wsgi/3.5 Python/2.7.18 mod_fastcgi/mod_fastcgi-SNAP-0910052141 mod_perl/2.0.11 Perl/v5.30.1 configured -- resuming normal operations
[Wed Jun 05 10:41:08.574785 2024] [core:notice] [pid 1415] AH00094: Command line: '/Applications/MAMP/Library/bin/httpd'
[Wed Jun 05 13:53:45.676167 2024] [mpm_prefork:notice] [pid 1415] AH00169: caught SIGTERM, shutting down
[Mon Jun 10 09:31:19.212834 2024] [:notice] [pid 1977] FastCGI: process manager initialized (pid 1977)
[Mon Jun 10 09:31:19.214246 2024] [mpm_prefork:notice] [pid 1972] AH00163: Apache/2.4.54 (Unix) OpenSSL/1.0.2u PHP/8.2.0 mod_wsgi/3.5 Python/2.7.18 mod_fastcgi/mod_fastcgi-SNAP-0910052141 mod_perl/2.0.11 Perl/v5.30.1 configured -- resuming normal operations
[Mon Jun 10 09:31:19.214512 2024] [core:notice] [pid 1972] AH00094: Command line: '/Applications/MAMP/Library/bin/httpd'
[Mon Jun 10 11:29:11.904927 2024] [mpm_prefork:notice] [pid 1972] AH00169: caught SIGTERM, shutting down
[Mon Jun 10 13:26:46.966709 2024] [:notice] [pid 13298] FastCGI: process manager initialized (pid 13298)
[Mon Jun 10 13:26:46.967958 2024] [mpm_prefork:notice] [pid 13295] AH00163: Apache/2.4.54 (Unix) OpenSSL/1.0.2u PHP/8.2.0 mod_wsgi/3.5 Python/2.7.18 mod_fastcgi/mod_fastcgi-SNAP-0910052141 mod_perl/2.0.11 Perl/v5.30.1 configured -- resuming normal operations
[Mon Jun 10 13:26:46.968097 2024] [core:notice] [pid 13295] AH00094: Command line: '/Applications/MAMP/Library/bin/httpd'
[Mon Jun 10 15:23:39.074303 2024] [mpm_prefork:notice] [pid 13295] AH00169: caught SIGTERM, shutting down
