2024-06-10T18:23:46.6NZ mysqld_safe Logging to '/Applications/MAMP/logs/mysql_error.log'.
2024-06-10T18:23:46.6NZ mysqld_safe Starting mysqld daemon with databases from /Applications/MAMP/db/mysql57
2024-06-10T18:23:46.540090Z 0 [Warning] TIMESTAMP with implicit DEFAULT value is deprecated. Please use --explicit_defaults_for_timestamp server option (see documentation for more details).
2024-06-10T18:23:46.540213Z 0 [Note] --secure-file-priv is set to NULL. Operations related to importing and exporting data are disabled
2024-06-10T18:23:46.540224Z 0 [Note] /Applications/MAMP/Library/bin/mysqld (mysqld 5.7.39) starting as process 26013 ...
2024-06-10T18:23:46.541129Z 0 [Warning] Setting lower_case_table_names=2 because file system for /Applications/MAMP/db/mysql57/ is case insensitive
2024-06-10T18:23:46.541604Z 0 [Note] InnoDB: Mutexes and rw_locks use GCC atomic builtins
2024-06-10T18:23:46.541610Z 0 [Note] InnoDB: Uses event mutexes
2024-06-10T18:23:46.541614Z 0 [Note] InnoDB: GCC builtin __atomic_thread_fence() is used for memory barrier
2024-06-10T18:23:46.541617Z 0 [Note] InnoDB: Compressed tables use zlib 1.2.11
2024-06-10T18:23:46.541963Z 0 [Note] InnoDB: Number of pools: 1
2024-06-10T18:23:46.541996Z 0 [Note] InnoDB: Not using CPU crc32 instructions
2024-06-10T18:23:46.542463Z 0 [Note] InnoDB: Initializing buffer pool, total size = 128M, instances = 1, chunk size = 128M
2024-06-10T18:23:46.545516Z 0 [Note] InnoDB: Completed initialization of buffer pool
2024-06-10T18:23:46.559402Z 0 [Note] InnoDB: Highest supported file format is Barracuda.
2024-06-10T18:23:46.563777Z 0 [Note] InnoDB: Creating shared tablespace for temporary tables
2024-06-10T18:23:46.563860Z 0 [Note] InnoDB: Setting file './ibtmp1' size to 12 MB. Physically writing the file full; Please wait ...
2024-06-10T18:23:46.569900Z 0 [Note] InnoDB: File './ibtmp1' size is now 12 MB.
2024-06-10T18:23:46.570198Z 0 [Note] InnoDB: 96 redo rollback segment(s) found. 96 redo rollback segment(s) are active.
2024-06-10T18:23:46.570204Z 0 [Note] InnoDB: 32 non-redo rollback segment(s) are active.
2024-06-10T18:23:46.570304Z 0 [Note] InnoDB: Waiting for purge to start
2024-06-10T18:23:46.625392Z 0 [Note] InnoDB: 5.7.39 started; log sequence number 2586263
2024-06-10T18:23:46.625481Z 0 [Note] InnoDB: Loading buffer pool(s) from /Applications/MAMP/db/mysql57/ib_buffer_pool
2024-06-10T18:23:46.625563Z 0 [Note] Plugin 'FEDERATED' is disabled.
2024-06-10T18:23:46.627200Z 0 [Warning] InnoDB: Table mysql/innodb_table_stats has length mismatch in the column name table_name.  Please run mysql_upgrade
2024-06-10T18:23:46.627298Z 0 [Warning] InnoDB: Table mysql/innodb_index_stats has length mismatch in the column name table_name.  Please run mysql_upgrade
2024-06-10T18:23:46.628507Z 0 [Note] InnoDB: Buffer pool(s) load completed at 240610 15:23:46
2024-06-10T18:23:46.629826Z 0 [Note] Found ca.pem, server-cert.pem and server-key.pem in data directory. Trying to enable SSL support using them.
2024-06-10T18:23:46.629836Z 0 [Note] Skipping generation of SSL certificates as certificate files are present in data directory.
2024-06-10T18:23:46.629842Z 0 [Warning] A deprecated TLS version TLSv1 is enabled. Please use TLSv1.2 or higher.
2024-06-10T18:23:46.629847Z 0 [Warning] A deprecated TLS version TLSv1.1 is enabled. Please use TLSv1.2 or higher.
2024-06-10T18:23:46.630498Z 0 [Warning] CA certificate ca.pem is self signed.
2024-06-10T18:23:46.630530Z 0 [Note] Skipping generation of RSA key pair as key files are present in data directory.
2024-06-10T18:23:46.630635Z 0 [Note] Server hostname (bind-address): '*'; port: 8889
2024-06-10T18:23:46.630910Z 0 [Note] IPv6 is available.
2024-06-10T18:23:46.630921Z 0 [Note]   - '::' resolves to '::';
2024-06-10T18:23:46.630942Z 0 [Note] Server socket created on IP: '::'.
2024-06-10T18:23:46.631215Z 0 [Warning] Insecure configuration for --pid-file: Location '/Applications/MAMP/tmp' in the path is accessible to all OS users. Consider choosing a different directory.
2024-06-10T18:23:46.638004Z 0 [Warning] Optional native table 'performance_schema'.'processlist' has the wrong structure or is missing.
2024-06-10T18:23:46.638236Z 0 [Note] Event Scheduler: Loaded 0 events
2024-06-10T18:23:46.638320Z 0 [Note] /Applications/MAMP/Library/bin/mysqld: ready for connections.
Version: '5.7.39'  socket: '/Applications/MAMP/tmp/mysql/mysql.sock'  port: 8889  MySQL Community Server (GPL)
2024-06-10T18:23:47.163373Z 0 [Note] Giving 0 client threads a chance to die gracefully
2024-06-10T18:23:47.163397Z 0 [Note] Shutting down slave threads
2024-06-10T18:23:47.163407Z 0 [Note] Forcefully disconnecting 0 remaining clients
2024-06-10T18:23:47.163415Z 0 [Note] Event Scheduler: Purging the queue. 0 events
2024-06-10T18:23:47.163455Z 0 [Note] Binlog end
2024-06-10T18:23:47.163914Z 0 [Note] Shutting down plugin 'ngram'
2024-06-10T18:23:47.163925Z 0 [Note] Shutting down plugin 'partition'
2024-06-10T18:23:47.163931Z 0 [Note] Shutting down plugin 'BLACKHOLE'
2024-06-10T18:23:47.163938Z 0 [Note] Shutting down plugin 'ARCHIVE'
2024-06-10T18:23:47.163957Z 0 [Note] Shutting down plugin 'PERFORMANCE_SCHEMA'
2024-06-10T18:23:47.163979Z 0 [Note] Shutting down plugin 'MRG_MYISAM'
2024-06-10T18:23:47.163984Z 0 [Note] Shutting down plugin 'MyISAM'
2024-06-10T18:23:47.163992Z 0 [Note] Shutting down plugin 'INNODB_SYS_VIRTUAL'
2024-06-10T18:23:47.163998Z 0 [Note] Shutting down plugin 'INNODB_SYS_DATAFILES'
2024-06-10T18:23:47.164003Z 0 [Note] Shutting down plugin 'INNODB_SYS_TABLESPACES'
2024-06-10T18:23:47.164007Z 0 [Note] Shutting down plugin 'INNODB_SYS_FOREIGN_COLS'
2024-06-10T18:23:47.164012Z 0 [Note] Shutting down plugin 'INNODB_SYS_FOREIGN'
2024-06-10T18:23:47.164017Z 0 [Note] Shutting down plugin 'INNODB_SYS_FIELDS'
2024-06-10T18:23:47.164022Z 0 [Note] Shutting down plugin 'INNODB_SYS_COLUMNS'
2024-06-10T18:23:47.164027Z 0 [Note] Shutting down plugin 'INNODB_SYS_INDEXES'
2024-06-10T18:23:47.164031Z 0 [Note] Shutting down plugin 'INNODB_SYS_TABLESTATS'
2024-06-10T18:23:47.164036Z 0 [Note] Shutting down plugin 'INNODB_SYS_TABLES'
2024-06-10T18:23:47.164041Z 0 [Note] Shutting down plugin 'INNODB_FT_INDEX_TABLE'
2024-06-10T18:23:47.164045Z 0 [Note] Shutting down plugin 'INNODB_FT_INDEX_CACHE'
2024-06-10T18:23:47.164050Z 0 [Note] Shutting down plugin 'INNODB_FT_CONFIG'
2024-06-10T18:23:47.164054Z 0 [Note] Shutting down plugin 'INNODB_FT_BEING_DELETED'
2024-06-10T18:23:47.164059Z 0 [Note] Shutting down plugin 'INNODB_FT_DELETED'
2024-06-10T18:23:47.164063Z 0 [Note] Shutting down plugin 'INNODB_FT_DEFAULT_STOPWORD'
2024-06-10T18:23:47.164068Z 0 [Note] Shutting down plugin 'INNODB_METRICS'
2024-06-10T18:23:47.164072Z 0 [Note] Shutting down plugin 'INNODB_TEMP_TABLE_INFO'
2024-06-10T18:23:47.164077Z 0 [Note] Shutting down plugin 'INNODB_BUFFER_POOL_STATS'
2024-06-10T18:23:47.164082Z 0 [Note] Shutting down plugin 'INNODB_BUFFER_PAGE_LRU'
2024-06-10T18:23:47.164086Z 0 [Note] Shutting down plugin 'INNODB_BUFFER_PAGE'
2024-06-10T18:23:47.164091Z 0 [Note] Shutting down plugin 'INNODB_CMP_PER_INDEX_RESET'
2024-06-10T18:23:47.164095Z 0 [Note] Shutting down plugin 'INNODB_CMP_PER_INDEX'
2024-06-10T18:23:47.164100Z 0 [Note] Shutting down plugin 'INNODB_CMPMEM_RESET'
2024-06-10T18:23:47.164104Z 0 [Note] Shutting down plugin 'INNODB_CMPMEM'
2024-06-10T18:23:47.164109Z 0 [Note] Shutting down plugin 'INNODB_CMP_RESET'
2024-06-10T18:23:47.164113Z 0 [Note] Shutting down plugin 'INNODB_CMP'
2024-06-10T18:23:47.164118Z 0 [Note] Shutting down plugin 'INNODB_LOCK_WAITS'
2024-06-10T18:23:47.164122Z 0 [Note] Shutting down plugin 'INNODB_LOCKS'
2024-06-10T18:23:47.164127Z 0 [Note] Shutting down plugin 'INNODB_TRX'
2024-06-10T18:23:47.164131Z 0 [Note] Shutting down plugin 'InnoDB'
2024-06-10T18:23:47.164163Z 0 [Note] InnoDB: FTS optimize thread exiting.
2024-06-10T18:23:47.164206Z 0 [Note] InnoDB: Starting shutdown...
2024-06-10T18:23:47.269443Z 0 [Note] InnoDB: Dumping buffer pool(s) to /Applications/MAMP/db/mysql57/ib_buffer_pool
2024-06-10T18:23:47.270644Z 0 [Note] InnoDB: Buffer pool(s) dump completed at 240610 15:23:47
2024-06-10T18:23:48.013151Z 0 [Note] InnoDB: Shutdown completed; log sequence number 2586282
2024-06-10T18:23:48.013798Z 0 [Note] InnoDB: Removed temporary tablespace data file: "ibtmp1"
2024-06-10T18:23:48.013833Z 0 [Note] Shutting down plugin 'MEMORY'
2024-06-10T18:23:48.013843Z 0 [Note] Shutting down plugin 'CSV'
2024-06-10T18:23:48.013854Z 0 [Note] Shutting down plugin 'sha256_password'
2024-06-10T18:23:48.013861Z 0 [Note] Shutting down plugin 'mysql_native_password'
2024-06-10T18:23:48.014097Z 0 [Note] Shutting down plugin 'binlog'
2024-06-10T18:23:48.014423Z 0 [Note] /Applications/MAMP/Library/bin/mysqld: Shutdown complete

2024-06-10T18:23:48.6NZ mysqld_safe mysqld from pid file /Applications/MAMP/tmp/mysql/mysql.pid ended
